
/home/runner/work/exp-unit-weight-iiith/exp-unit-weight-iiith/experiment/simulation/js/main.js
    6:8   warning  'instrMsg' is assigned a value but never used   no-unused-vars
   12:3   warning  Unnecessary semicolon                           no-extra-semi
   17:35  warning  'index' is defined but never used               no-unused-vars
   24:3   warning  Unnecessary semicolon                           no-extra-semi
   52:3   warning  Unnecessary semicolon                           no-extra-semi
   91:3   warning  Unnecessary semicolon                           no-extra-semi
   97:3   warning  Unnecessary semicolon                           no-extra-semi
  107:4   warning  Unnecessary semicolon                           no-extra-semi
  111:4   warning  Unnecessary semicolon                           no-extra-semi
  115:4   warning  Unnecessary semicolon                           no-extra-semi
  116:3   warning  Unnecessary semicolon                           no-extra-semi
  126:4   warning  Unnecessary semicolon                           no-extra-semi
  130:4   warning  Unnecessary semicolon                           no-extra-semi
  131:3   warning  Unnecessary semicolon                           no-extra-semi
  141:4   warning  Unnecessary semicolon                           no-extra-semi
  146:3   warning  Unnecessary semicolon                           no-extra-semi
  156:4   warning  Unnecessary semicolon                           no-extra-semi
  161:3   warning  Unnecessary semicolon                           no-extra-semi
  171:4   warning  Unnecessary semicolon                           no-extra-semi
  176:3   warning  Unnecessary semicolon                           no-extra-semi
  186:4   warning  Unnecessary semicolon                           no-extra-semi
  191:3   warning  Unnecessary semicolon                           no-extra-semi
  201:4   warning  Unnecessary semicolon                           no-extra-semi
  206:3   warning  Unnecessary semicolon                           no-extra-semi
  216:4   warning  Unnecessary semicolon                           no-extra-semi
  221:3   warning  Unnecessary semicolon                           no-extra-semi
  247:3   warning  Unnecessary semicolon                           no-extra-semi
  260:3   warning  Unnecessary semicolon                           no-extra-semi
  265:30  warning  'ind' is defined but never used                 no-unused-vars
  271:3   warning  Unnecessary semicolon                           no-extra-semi
  274:34  warning  'ind' is defined but never used                 no-unused-vars
  276:47  warning  'i' is defined but never used                   no-unused-vars
  282:3   warning  Unnecessary semicolon                           no-extra-semi
  296:30  warning  'ind' is defined but never used                 no-unused-vars
  296:35  warning  'arr' is defined but never used                 no-unused-vars
  345:40  warning  'index' is defined but never used               no-unused-vars
  368:3   warning  Unnecessary semicolon                           no-extra-semi
  376:8   warning  'fill' is assigned a value but never used       no-unused-vars
  376:26  warning  'border' is assigned a value but never used     no-unused-vars
  376:44  warning  'lineWidth' is assigned a value but never used  no-unused-vars
  401:34  warning  'ind' is defined but never used                 no-unused-vars
  403:42  warning  'event' is defined but never used               no-unused-vars
  438:3   warning  Unnecessary semicolon                           no-extra-semi
  453:35  warning  'ind' is defined but never used                 no-unused-vars
  470:38  warning  'ind' is defined but never used                 no-unused-vars
  489:10  warning  'soilMoves' is assigned a value but never used  no-unused-vars
  511:3   warning  Unnecessary semicolon                           no-extra-semi

✖ 47 problems (0 errors, 47 warnings)
  0 errors and 31 warnings potentially fixable with the `--fix` option.

